Build started 2019-11-28 11:10:03 AM.
     1>Project "H:\Max-Programming 12\Yahtzee\Yahtzee\Yahtzee.vcxproj" on node 2 (build target(s)).
     1>InitializeBuildStatus:
         Creating "Debug\Yahtzee.unsuccessfulbuild" because "AlwaysCreate" was specified.
       ClCompile:
         C:\Program Files (x86)\Microsoft Visual Studio 10.0\VC\bin\CL.exe /c /ZI /nologo /W3 /WX- /Od /Oy- /D WIN32 /D _DEBUG /D _CONSOLE /D _UNICODE /D UNICODE /Gm /EHsc /RTC1 /MDd /GS /fp:precise /Zc:wchar_t /Zc:forScope /Fo"Debug\\" /Fd"Debug\vc100.pdb" /Gd /TP /analyze- /errorReport:prompt TEST.cpp Yahtzee.cpp
         Yahtzee.cpp
         TEST.cpp
     1>h:\max-programming 12\yahtzee\yahtzee\test.cpp(75): error C2535: 'ScoreSheet::ScoreSheet(void)' : member function already defined or declared
                 h:\max-programming 12\yahtzee\yahtzee\test.cpp(74) : see declaration of 'ScoreSheet::ScoreSheet'
     1>h:\max-programming 12\yahtzee\yahtzee\test.cpp(126): warning C4566: character represented by universal-character-name '\u2611' cannot be represented in the current code page (1252)
     1>h:\max-programming 12\yahtzee\yahtzee\test.cpp(131): warning C4566: character represented by universal-character-name '\u2610' cannot be represented in the current code page (1252)
     1>h:\max-programming 12\yahtzee\yahtzee\test.cpp(160): error C2365: 'ScoreSheet::counter' : redefinition; previous definition was 'data member'
                 h:\max-programming 12\yahtzee\yahtzee\test.cpp(71) : see declaration of 'ScoreSheet::counter'
     1>h:\max-programming 12\yahtzee\yahtzee\test.cpp(273): error C2628: 'ScoreSheet' followed by 'int' is illegal (did you forget a ';'?)
     1>h:\max-programming 12\yahtzee\yahtzee\test.cpp(274): error C3874: return type of 'main' should be 'int' instead of 'ScoreSheet'
     1>h:\max-programming 12\yahtzee\yahtzee\test.cpp(275): error C2664: 'ScoreSheet::ScoreSheet(const ScoreSheet &)' : cannot convert parameter 1 from 'int' to 'const ScoreSheet &'
                 Reason: cannot convert from 'int' to 'const ScoreSheet'
                 No constructor could take the source type, or constructor overload resolution was ambiguous
     1>h:\max-programming 12\yahtzee\yahtzee\test.cpp(77): error C2059: syntax error : ']'
     1>h:\max-programming 12\yahtzee\yahtzee\test.cpp(77): error C2143: syntax error : missing ';' before '{'
     1>h:\max-programming 12\yahtzee\yahtzee\test.cpp(77): error C2143: syntax error : missing ';' before '}'
     1>h:\max-programming 12\yahtzee\yahtzee\test.cpp(80): error C2065: 'sum' : undeclared identifier
     1>h:\max-programming 12\yahtzee\yahtzee\test.cpp(87): error C2784: 'std::basic_ostream<_Elem,_Traits> &std::operator <<(std::basic_ostream<_Elem,_Traits> &,const std::basic_string<_Elem,_Traits,_Alloc> &)' : could not deduce template argument for 'std::basic_ostream<_Elem,_Traits> &' from 'std::istream'
                 c:\program files (x86)\microsoft visual studio 10.0\vc\include\string(489) : see declaration of 'std::operator <<'
     1>h:\max-programming 12\yahtzee\yahtzee\test.cpp(87): error C2784: 'std::basic_ostream<_Elem,_Traits> &std::operator <<(std::basic_ostream<_Elem,_Traits> &,const std::basic_string<_Elem,_Traits,_Alloc> &)' : could not deduce template argument for 'std::basic_ostream<_Elem,_Traits> &' from 'std::istream'
                 c:\program files (x86)\microsoft visual studio 10.0\vc\include\string(489) : see declaration of 'std::operator <<'
     1>h:\max-programming 12\yahtzee\yahtzee\test.cpp(87): error C2784: 'std::basic_ostream<_Elem,_Traits> &std::operator <<(std::basic_ostream<_Elem,_Traits> &,const std::basic_string<_Elem,_Traits,_Alloc> &)' : could not deduce template argument for 'std::basic_ostream<_Elem,_Traits> &' from 'std::istream'
                 c:\program files (x86)\microsoft visual studio 10.0\vc\include\string(489) : see declaration of 'std::operator <<'
     1>h:\max-programming 12\yahtzee\yahtzee\test.cpp(87): error C2784: 'std::basic_ostream<_Elem,_Traits> &std::operator <<(std::basic_ostream<_Elem,_Traits> &,const std::basic_string<_Elem,_Traits,_Alloc> &)' : could not deduce template argument for 'std::basic_ostream<_Elem,_Traits> &' from 'std::istream'
                 c:\program files (x86)\microsoft visual studio 10.0\vc\include\string(489) : see declaration of 'std::operator <<'
     1>h:\max-programming 12\yahtzee\yahtzee\test.cpp(87): error C2784: 'std::basic_ostream<_Elem,_Traits> &std::operator <<(std::basic_ostream<_Elem,_Traits> &,const std::error_code &)' : could not deduce template argument for 'std::basic_ostream<_Elem,_Traits> &' from 'std::istream'
                 c:\program files (x86)\microsoft visual studio 10.0\vc\include\ostream(1085) : see declaration of 'std::operator <<'
     1>h:\max-programming 12\yahtzee\yahtzee\test.cpp(87): error C2784: 'std::basic_ostream<_Elem,_Traits> &std::operator <<(std::basic_ostream<_Elem,_Traits> &,const std::error_code &)' : could not deduce template argument for 'std::basic_ostream<_Elem,_Traits> &' from 'std::istream'
                 c:\program files (x86)\microsoft visual studio 10.0\vc\include\ostream(1085) : see declaration of 'std::operator <<'
     1>h:\max-programming 12\yahtzee\yahtzee\test.cpp(87): error C2784: 'std::basic_ostream<_Elem,_Traits> &std::operator <<(std::basic_ostream<_Elem,_Traits> &,const std::error_code &)' : could not deduce template argument for 'std::basic_ostream<_Elem,_Traits> &' from 'std::istream'
                 c:\program files (x86)\microsoft visual studio 10.0\vc\include\ostream(1085) : see declaration of 'std::operator <<'
     1>h:\max-programming 12\yahtzee\yahtzee\test.cpp(87): error C2784: 'std::basic_ostream<_Elem,_Traits> &std::operator <<(std::basic_ostream<_Elem,_Traits> &,const std::error_code &)' : could not deduce template argument for 'std::basic_ostream<_Elem,_Traits> &' from 'std::istream'
                 c:\program files (x86)\microsoft visual studio 10.0\vc\include\ostream(1085) : see declaration of 'std::operator <<'
     1>h:\max-programming 12\yahtzee\yahtzee\test.cpp(87): error C2784: 'std::basic_ostream<_Elem,_Traits> &std::operator <<(std::basic_ostream<_Elem,_Traits> &&,_Ty)' : could not deduce template argument for 'std::basic_ostream<_Elem,_Traits> &&' from 'std::istream'
                 c:\program files (x86)\microsoft visual studio 10.0\vc\include\ostream(968) : see declaration of 'std::operator <<'
     1>h:\max-programming 12\yahtzee\yahtzee\test.cpp(87): error C2784: 'std::basic_ostream<_Elem,_Traits> &std::operator <<(std::basic_ostream<_Elem,_Traits> &&,_Ty)' : could not deduce template argument for 'std::basic_ostream<_Elem,_Traits> &&' from 'std::istream'
                 c:\program files (x86)\microsoft visual studio 10.0\vc\include\ostream(968) : see declaration of 'std::operator <<'
     1>h:\max-programming 12\yahtzee\yahtzee\test.cpp(87): error C2784: 'std::basic_ostream<_Elem,_Traits> &std::operator <<(std::basic_ostream<_Elem,_Traits> &&,_Ty)' : could not deduce template argument for 'std::basic_ostream<_Elem,_Traits> &&' from 'std::istream'
                 c:\program files (x86)\microsoft visual studio 10.0\vc\include\ostream(968) : see declaration of 'std::operator <<'
     1>h:\max-programming 12\yahtzee\yahtzee\test.cpp(87): error C2784: 'std::basic_ostream<_Elem,_Traits> &std::operator <<(std::basic_ostream<_Elem,_Traits> &&,_Ty)' : could not deduce template argument for 'std::basic_ostream<_Elem,_Traits> &&' from 'std::istream'
                 c:\program files (x86)\microsoft visual studio 10.0\vc\include\ostream(968) : see declaration of 'std::operator <<'
     1>h:\max-programming 12\yahtzee\yahtzee\test.cpp(87): error C2784: 'std::basic_ostream<char,_Traits> &std::operator <<(std::basic_ostream<char,_Traits> &,unsigned char)' : could not deduce template argument for 'std::basic_ostream<char,_Traits> &' from 'std::istream'
                 c:\program files (x86)\microsoft visual studio 10.0\vc\include\ostream(958) : see declaration of 'std::operator <<'
     1>h:\max-programming 12\yahtzee\yahtzee\test.cpp(87): error C2784: 'std::basic_ostream<char,_Traits> &std::operator <<(std::basic_ostream<char,_Traits> &,unsigned char)' : could not deduce template argument for 'std::basic_ostream<char,_Traits> &' from 'std::istream'
                 c:\program files (x86)\microsoft visual studio 10.0\vc\include\ostream(958) : see declaration of 'std::operator <<'
     1>h:\max-programming 12\yahtzee\yahtzee\test.cpp(87): error C2784: 'std::basic_ostream<char,_Traits> &std::operator <<(std::basic_ostream<char,_Traits> &,unsigned char)' : could not deduce template argument for 'std::basic_ostream<char,_Traits> &' from 'std::istream'
                 c:\program files (x86)\microsoft visual studio 10.0\vc\include\ostream(958) : see declaration of 'std::operator <<'
     1>h:\max-programming 12\yahtzee\yahtzee\test.cpp(87): error C2784: 'std::basic_ostream<char,_Traits> &std::operator <<(std::basic_ostream<char,_Traits> &,unsigned char)' : could not deduce template argument for 'std::basic_ostream<char,_Traits> &' from 'std::istream'
                 c:\program files (x86)\microsoft visual studio 10.0\vc\include\ostream(958) : see declaration of 'std::operator <<'
     1>h:\max-programming 12\yahtzee\yahtzee\test.cpp(87): error C2784: 'std::basic_ostream<char,_Traits> &std::operator <<(std::basic_ostream<char,_Traits> &,const unsigned char *)' : could not deduce template argument for 'std::basic_ostream<char,_Traits> &' from 'std::istream'
                 c:\program files (x86)\microsoft visual studio 10.0\vc\include\ostream(951) : see declaration of 'std::operator <<'
     1>h:\max-programming 12\yahtzee\yahtzee\test.cpp(87): error C2784: 'std::basic_ostream<char,_Traits> &std::operator <<(std::basic_ostream<char,_Traits> &,const unsigned char *)' : could not deduce template argument for 'std::basic_ostream<char,_Traits> &' from 'std::istream'
                 c:\program files (x86)\microsoft visual studio 10.0\vc\include\ostream(951) : see declaration of 'std::operator <<'
     1>h:\max-programming 12\yahtzee\yahtzee\test.cpp(87): error C2784: 'std::basic_ostream<char,_Traits> &std::operator <<(std::basic_ostream<char,_Traits> &,const unsigned char *)' : could not deduce template argument for 'std::basic_ostream<char,_Traits> &' from 'std::istream'
                 c:\program files (x86)\microsoft visual studio 10.0\vc\include\ostream(951) : see declaration of 'std::operator <<'
     1>h:\max-programming 12\yahtzee\yahtzee\test.cpp(87): error C2784: 'std::basic_ostream<char,_Traits> &std::operator <<(std::basic_ostream<char,_Traits> &,const unsigned char *)' : could not deduce template argument for 'std::basic_ostream<char,_Traits> &' from 'std::istream'
                 c:\program files (x86)\microsoft visual studio 10.0\vc\include\ostream(951) : see declaration of 'std::operator <<'
     1>h:\max-programming 12\yahtzee\yahtzee\test.cpp(87): error C2784: 'std::basic_ostream<char,_Traits> &std::operator <<(std::basic_ostream<char,_Traits> &,signed char)' : could not deduce template argument for 'std::basic_ostream<char,_Traits> &' from 'std::istream'
                 c:\program files (x86)\microsoft visual studio 10.0\vc\include\ostream(944) : see declaration of 'std::operator <<'
     1>h:\max-programming 12\yahtzee\yahtzee\test.cpp(87): error C2784: 'std::basic_ostream<char,_Traits> &std::operator <<(std::basic_ostream<char,_Traits> &,signed char)' : could not deduce template argument for 'std::basic_ostream<char,_Traits> &' from 'std::istream'
                 c:\program files (x86)\microsoft visual studio 10.0\vc\include\ostream(944) : see declaration of 'std::operator <<'
     1>h:\max-programming 12\yahtzee\yahtzee\test.cpp(87): error C2784: 'std::basic_ostream<char,_Traits> &std::operator <<(std::basic_ostream<char,_Traits> &,signed char)' : could not deduce template argument for 'std::basic_ostream<char,_Traits> &' from 'std::istream'
                 c:\program files (x86)\microsoft visual studio 10.0\vc\include\ostream(944) : see declaration of 'std::operator <<'
     1>h:\max-programming 12\yahtzee\yahtzee\test.cpp(87): error C2784: 'std::basic_ostream<char,_Traits> &std::operator <<(std::basic_ostream<char,_Traits> &,signed char)' : could not deduce template argument for 'std::basic_ostream<char,_Traits> &' from 'std::istream'
                 c:\program files (x86)\microsoft visual studio 10.0\vc\include\ostream(944) : see declaration of 'std::operator <<'
     1>h:\max-programming 12\yahtzee\yahtzee\test.cpp(87): error C2784: 'std::basic_ostream<char,_Traits> &std::operator <<(std::basic_ostream<char,_Traits> &,const signed char *)' : could not deduce template argument for 'std::basic_ostream<char,_Traits> &' from 'std::istream'
                 c:\program files (x86)\microsoft visual studio 10.0\vc\include\ostream(937) : see declaration of 'std::operator <<'
     1>h:\max-programming 12\yahtzee\yahtzee\test.cpp(87): error C2784: 'std::basic_ostream<char,_Traits> &std::operator <<(std::basic_ostream<char,_Traits> &,const signed char *)' : could not deduce template argument for 'std::basic_ostream<char,_Traits> &' from 'std::istream'
                 c:\program files (x86)\microsoft visual studio 10.0\vc\include\ostream(937) : see declaration of 'std::operator <<'
     1>h:\max-programming 12\yahtzee\yahtzee\test.cpp(87): error C2784: 'std::basic_ostream<char,_Traits> &std::operator <<(std::basic_ostream<char,_Traits> &,const signed char *)' : could not deduce template argument for 'std::basic_ostream<char,_Traits> &' from 'std::istream'
                 c:\program files (x86)\microsoft visual studio 10.0\vc\include\ostream(937) : see declaration of 'std::operator <<'
     1>h:\max-programming 12\yahtzee\yahtzee\test.cpp(87): error C2784: 'std::basic_ostream<char,_Traits> &std::operator <<(std::basic_ostream<char,_Traits> &,const signed char *)' : could not deduce template argument for 'std::basic_ostream<char,_Traits> &' from 'std::istream'
                 c:\program files (x86)\microsoft visual studio 10.0\vc\include\ostream(937) : see declaration of 'std::operator <<'
     1>h:\max-programming 12\yahtzee\yahtzee\test.cpp(87): error C2784: 'std::basic_ostream<_Elem,_Traits> &std::operator <<(std::basic_ostream<_Elem,_Traits> &,_Elem)' : could not deduce template argument for 'std::basic_ostream<_Elem,_Traits> &' from 'std::istream'
                 c:\program files (x86)\microsoft visual studio 10.0\vc\include\ostream(898) : see declaration of 'std::operator <<'
     1>h:\max-programming 12\yahtzee\yahtzee\test.cpp(87): error C2784: 'std::basic_ostream<_Elem,_Traits> &std::operator <<(std::basic_ostream<_Elem,_Traits> &,_Elem)' : could not deduce template argument for 'std::basic_ostream<_Elem,_Traits> &' from 'std::istream'
                 c:\program files (x86)\microsoft visual studio 10.0\vc\include\ostream(898) : see declaration of 'std::operator <<'
     1>h:\max-programming 12\yahtzee\yahtzee\test.cpp(87): error C2784: 'std::basic_ostream<_Elem,_Traits> &std::operator <<(std::basic_ostream<_Elem,_Traits> &,_Elem)' : could not deduce template argument for 'std::basic_ostream<_Elem,_Traits> &' from 'std::istream'
                 c:\program files (x86)\microsoft visual studio 10.0\vc\include\ostream(898) : see declaration of 'std::operator <<'
     1>h:\max-programming 12\yahtzee\yahtzee\test.cpp(87): error C2784: 'std::basic_ostream<_Elem,_Traits> &std::operator <<(std::basic_ostream<_Elem,_Traits> &,_Elem)' : could not deduce template argument for 'std::basic_ostream<_Elem,_Traits> &' from 'std::istream'
                 c:\program files (x86)\microsoft visual studio 10.0\vc\include\ostream(898) : see declaration of 'std::operator <<'
     1>h:\max-programming 12\yahtzee\yahtzee\test.cpp(87): error C2784: 'std::basic_ostream<_Elem,_Traits> &std::operator <<(std::basic_ostream<_Elem,_Traits> &,const _Elem *)' : could not deduce template argument for 'std::basic_ostream<_Elem,_Traits> &' from 'std::istream'
                 c:\program files (x86)\microsoft visual studio 10.0\vc\include\ostream(851) : see declaration of 'std::operator <<'
     1>h:\max-programming 12\yahtzee\yahtzee\test.cpp(87): error C2784: 'std::basic_ostream<_Elem,_Traits> &std::operator <<(std::basic_ostream<_Elem,_Traits> &,const _Elem *)' : could not deduce template argument for 'std::basic_ostream<_Elem,_Traits> &' from 'std::istream'
                 c:\program files (x86)\microsoft visual studio 10.0\vc\include\ostream(851) : see declaration of 'std::operator <<'
     1>h:\max-programming 12\yahtzee\yahtzee\test.cpp(87): error C2784: 'std::basic_ostream<_Elem,_Traits> &std::operator <<(std::basic_ostream<_Elem,_Traits> &,const _Elem *)' : could not deduce template argument for 'std::basic_ostream<_Elem,_Traits> &' from 'std::istream'
                 c:\program files (x86)\microsoft visual studio 10.0\vc\include\ostream(851) : see declaration of 'std::operator <<'
     1>h:\max-programming 12\yahtzee\yahtzee\test.cpp(87): error C2784: 'std::basic_ostream<_Elem,_Traits> &std::operator <<(std::basic_ostream<_Elem,_Traits> &,const _Elem *)' : could not deduce template argument for 'std::basic_ostream<_Elem,_Traits> &' from 'std::istream'
                 c:\program files (x86)\microsoft visual studio 10.0\vc\include\ostream(851) : see declaration of 'std::operator <<'
     1>h:\max-programming 12\yahtzee\yahtzee\test.cpp(87): error C2784: 'std::basic_ostream<char,_Traits> &std::operator <<(std::basic_ostream<char,_Traits> &,char)' : could not deduce template argument for 'std::basic_ostream<char,_Traits> &' from 'std::istream'
                 c:\program files (x86)\microsoft visual studio 10.0\vc\include\ostream(811) : see declaration of 'std::operator <<'
     1>h:\max-programming 12\yahtzee\yahtzee\test.cpp(87): error C2784: 'std::basic_ostream<char,_Traits> &std::operator <<(std::basic_ostream<char,_Traits> &,char)' : could not deduce template argument for 'std::basic_ostream<char,_Traits> &' from 'std::istream'
                 c:\program files (x86)\microsoft visual studio 10.0\vc\include\ostream(811) : see declaration of 'std::operator <<'
     1>h:\max-programming 12\yahtzee\yahtzee\test.cpp(87): error C2784: 'std::basic_ostream<char,_Traits> &std::operator <<(std::basic_ostream<char,_Traits> &,char)' : could not deduce template argument for 'std::basic_ostream<char,_Traits> &' from 'std::istream'
                 c:\program files (x86)\microsoft visual studio 10.0\vc\include\ostream(811) : see declaration of 'std::operator <<'
     1>h:\max-programming 12\yahtzee\yahtzee\test.cpp(87): error C2784: 'std::basic_ostream<char,_Traits> &std::operator <<(std::basic_ostream<char,_Traits> &,char)' : could not deduce template argument for 'std::basic_ostream<char,_Traits> &' from 'std::istream'
                 c:\program files (x86)\microsoft visual studio 10.0\vc\include\ostream(811) : see declaration of 'std::operator <<'
     1>h:\max-programming 12\yahtzee\yahtzee\test.cpp(87): error C2784: 'std::basic_ostream<char,_Traits> &std::operator <<(std::basic_ostream<char,_Traits> &,const char *)' : could not deduce template argument for 'std::basic_ostream<char,_Traits> &' from 'std::istream'
                 c:\program files (x86)\microsoft visual studio 10.0\vc\include\ostream(764) : see declaration of 'std::operator <<'
     1>h:\max-programming 12\yahtzee\yahtzee\test.cpp(87): error C2784: 'std::basic_ostream<char,_Traits> &std::operator <<(std::basic_ostream<char,_Traits> &,const char *)' : could not deduce template argument for 'std::basic_ostream<char,_Traits> &' from 'std::istream'
                 c:\program files (x86)\microsoft visual studio 10.0\vc\include\ostream(764) : see declaration of 'std::operator <<'
     1>h:\max-programming 12\yahtzee\yahtzee\test.cpp(87): error C2784: 'std::basic_ostream<char,_Traits> &std::operator <<(std::basic_ostream<char,_Traits> &,const char *)' : could not deduce template argument for 'std::basic_ostream<char,_Traits> &' from 'std::istream'
                 c:\program files (x86)\microsoft visual studio 10.0\vc\include\ostream(764) : see declaration of 'std::operator <<'
     1>h:\max-programming 12\yahtzee\yahtzee\test.cpp(87): error C2784: 'std::basic_ostream<char,_Traits> &std::operator <<(std::basic_ostream<char,_Traits> &,const char *)' : could not deduce template argument for 'std::basic_ostream<char,_Traits> &' from 'std::istream'
                 c:\program files (x86)\microsoft visual studio 10.0\vc\include\ostream(764) : see declaration of 'std::operator <<'
     1>h:\max-programming 12\yahtzee\yahtzee\test.cpp(87): error C2784: 'std::basic_ostream<_Elem,_Traits> &std::operator <<(std::basic_ostream<_Elem,_Traits> &,char)' : could not deduce template argument for 'std::basic_ostream<_Elem,_Traits> &' from 'std::istream'
                 c:\program files (x86)\microsoft visual studio 10.0\vc\include\ostream(726) : see declaration of 'std::operator <<'
     1>h:\max-programming 12\yahtzee\yahtzee\test.cpp(87): error C2784: 'std::basic_ostream<_Elem,_Traits> &std::operator <<(std::basic_ostream<_Elem,_Traits> &,char)' : could not deduce template argument for 'std::basic_ostream<_Elem,_Traits> &' from 'std::istream'
                 c:\program files (x86)\microsoft visual studio 10.0\vc\include\ostream(726) : see declaration of 'std::operator <<'
     1>h:\max-programming 12\yahtzee\yahtzee\test.cpp(87): error C2784: 'std::basic_ostream<_Elem,_Traits> &std::operator <<(std::basic_ostream<_Elem,_Traits> &,char)' : could not deduce template argument for 'std::basic_ostream<_Elem,_Traits> &' from 'std::istream'
                 c:\program files (x86)\microsoft visual studio 10.0\vc\include\ostream(726) : see declaration of 'std::operator <<'
     1>h:\max-programming 12\yahtzee\yahtzee\test.cpp(87): error C2784: 'std::basic_ostream<_Elem,_Traits> &std::operator <<(std::basic_ostream<_Elem,_Traits> &,char)' : could not deduce template argument for 'std::basic_ostream<_Elem,_Traits> &' from 'std::istream'
                 c:\program files (x86)\microsoft visual studio 10.0\vc\include\ostream(726) : see declaration of 'std::operator <<'
     1>h:\max-programming 12\yahtzee\yahtzee\test.cpp(87): error C2784: 'std::basic_ostream<_Elem,_Traits> &std::operator <<(std::basic_ostream<_Elem,_Traits> &,const char *)' : could not deduce template argument for 'std::basic_ostream<_Elem,_Traits> &' from 'std::istream'
                 c:\program files (x86)\microsoft visual studio 10.0\vc\include\ostream(679) : see declaration of 'std::operator <<'
     1>h:\max-programming 12\yahtzee\yahtzee\test.cpp(87): error C2784: 'std::basic_ostream<_Elem,_Traits> &std::operator <<(std::basic_ostream<_Elem,_Traits> &,const char *)' : could not deduce template argument for 'std::basic_ostream<_Elem,_Traits> &' from 'std::istream'
                 c:\program files (x86)\microsoft visual studio 10.0\vc\include\ostream(679) : see declaration of 'std::operator <<'
     1>h:\max-programming 12\yahtzee\yahtzee\test.cpp(87): error C2784: 'std::basic_ostream<_Elem,_Traits> &std::operator <<(std::basic_ostream<_Elem,_Traits> &,const char *)' : could not deduce template argument for 'std::basic_ostream<_Elem,_Traits> &' from 'std::istream'
                 c:\program files (x86)\microsoft visual studio 10.0\vc\include\ostream(679) : see declaration of 'std::operator <<'
     1>h:\max-programming 12\yahtzee\yahtzee\test.cpp(87): error C2784: 'std::basic_ostream<_Elem,_Traits> &std::operator <<(std::basic_ostream<_Elem,_Traits> &,const char *)' : could not deduce template argument for 'std::basic_ostream<_Elem,_Traits> &' from 'std::istream'
                 c:\program files (x86)\microsoft visual studio 10.0\vc\include\ostream(679) : see declaration of 'std::operator <<'
     1>h:\max-programming 12\yahtzee\yahtzee\test.cpp(87): error C2676: binary '<<' : 'std::istream' does not define this operator or a conversion to a type acceptable to the predefined operator
     1>h:\max-programming 12\yahtzee\yahtzee\test.cpp(108): error C2039: 'add' : is not a member of 'std::vector<_Ty>'
                 with
                 [
                     _Ty=Score
                 ]
     1>h:\max-programming 12\yahtzee\yahtzee\test.cpp(117): warning C4018: '<' : signed/unsigned mismatch
     1>h:\max-programming 12\yahtzee\yahtzee\test.cpp(139): error C2065: 'sum' : undeclared identifier
     1>h:\max-programming 12\yahtzee\yahtzee\test.cpp(150): warning C4018: '<' : signed/unsigned mismatch
     1>h:\max-programming 12\yahtzee\yahtzee\test.cpp(170): error C2065: 'sum' : undeclared identifier
     1>h:\max-programming 12\yahtzee\yahtzee\test.cpp(176): error C2065: 'sum' : undeclared identifier
     1>h:\max-programming 12\yahtzee\yahtzee\test.cpp(182): error C2065: 'sum' : undeclared identifier
     1>h:\max-programming 12\yahtzee\yahtzee\test.cpp(190): error C2065: 'sum' : undeclared identifier
     1>h:\max-programming 12\yahtzee\yahtzee\test.cpp(196): error C2065: 'sum' : undeclared identifier
     1>h:\max-programming 12\yahtzee\yahtzee\test.cpp(204): error C2065: 'sum' : undeclared identifier
     1>h:\max-programming 12\yahtzee\yahtzee\test.cpp(208): error C2065: 'sum' : undeclared identifier
     1>h:\max-programming 12\yahtzee\yahtzee\test.cpp(212): error C2065: 'sum' : undeclared identifier
     1>h:\max-programming 12\yahtzee\yahtzee\test.cpp(220): error C2065: 'sum' : undeclared identifier
     1>h:\max-programming 12\yahtzee\yahtzee\test.cpp(227): error C2065: 'sum' : undeclared identifier
     1>h:\max-programming 12\yahtzee\yahtzee\test.cpp(230): error C2065: 'sum' : undeclared identifier
     1>h:\max-programming 12\yahtzee\yahtzee\test.cpp(236): error C2065: 'sum' : undeclared identifier
     1>h:\max-programming 12\yahtzee\yahtzee\test.cpp(243): error C2065: 'sum' : undeclared identifier
     1>h:\max-programming 12\yahtzee\yahtzee\test.cpp(245): error C2065: 'sum' : undeclared identifier
     1>h:\max-programming 12\yahtzee\yahtzee\test.cpp(245): error C2065: 'sum' : undeclared identifier
     1>h:\max-programming 12\yahtzee\yahtzee\test.cpp(251): error C2065: 'sum' : undeclared identifier
     1>h:\max-programming 12\yahtzee\yahtzee\test.cpp(259): warning C4018: '<' : signed/unsigned mismatch
     1>h:\max-programming 12\yahtzee\yahtzee\test.cpp(265): error C2065: 'sum' : undeclared identifier
         Generating Code...
     1>Done Building Project "H:\Max-Programming 12\Yahtzee\Yahtzee\Yahtzee.vcxproj" (build target(s)) -- FAILED.

Build FAILED.

Time Elapsed 00:00:01.60
