Build started 2019-09-16 9:41:01 AM.
     1>Project "H:\Max-Programming 12\ch3ex2\ch3ex2\ch3ex2.vcxproj" on node 2 (build target(s)).
     1>InitializeBuildStatus:
         Touching "Debug\ch3ex2.unsuccessfulbuild".
       ClCompile:
         C:\Program Files (x86)\Microsoft Visual Studio 10.0\VC\bin\CL.exe /c /Zi /nologo /W3 /WX- /Od /Oy- /D WIN32 /D _DEBUG /D _CONSOLE /D _UNICODE /D UNICODE /Gm /EHsc /RTC1 /MDd /GS /fp:precise /Zc:wchar_t /Zc:forScope /Fo"Debug\\" /Fd"Debug\vc100.pdb" /Gd /TP /analyze- /errorReport:prompt ch3ex2.cpp
         ch3ex2.cpp
     1>ch3ex2.cpp(13): error C2064: term does not evaluate to a function taking 1 arguments
     1>Done Building Project "H:\Max-Programming 12\ch3ex2\ch3ex2\ch3ex2.vcxproj" (build target(s)) -- FAILED.

Build FAILED.

Time Elapsed 00:00:00.58
